<?xml version="1.0" encoding="UTF-8"?>
<!-- Generated by org.testng.reporters.JUnitReportReporter -->
<testsuite hostname="IANKOH--PC" failures="0" tests="1" name="com.walletHub.testCases.facebookTest" time="26.869" errors="0" timestamp="2022-09-09T16:03:48 WAT" skipped="0">
  <testcase classname="com.walletHub.testCases.facebookTest" name="loginTest" time="26.869"/>
  <system-out/>
</testsuite> <!-- com.walletHub.testCases.facebookTest -->
