<?xml version="1.0" encoding="UTF-8"?>
<!-- Generated by org.testng.reporters.JUnitReportReporter -->
<testsuite hostname="IANKOH--PC" failures="0" tests="1" name="testCases.SelectInsuranceTest" time="61.888" errors="0" timestamp="2022-09-06T00:21:00 WAT" skipped="0">
  <testcase classname="testCases.SelectInsuranceTest" name="loginTest" time="61.888"/>
  <system-out/>
</testsuite> <!-- testCases.SelectInsuranceTest -->
