<?xml version="1.0" encoding="UTF-8"?>
<!-- Generated by org.testng.reporters.JUnitReportReporter -->
<testsuite hostname="IANKOH--PC" failures="0" tests="1" name="com.walletHub.testCases.SelectInsuranceTest" time="98.864" errors="0" timestamp="2022-09-09T12:08:31 WAT" skipped="0">
  <testcase classname="com.walletHub.testCases.SelectInsuranceTest" name="loginTest" time="98.864"/>
  <system-out/>
</testsuite> <!-- com.walletHub.testCases.SelectInsuranceTest -->
