<?xml version="1.0" encoding="UTF-8"?>
<!-- Generated by org.testng.reporters.JUnitReportReporter -->
<testsuite hostname="IANKOH--PC" failures="0" tests="1" name="testCases.LoginTest" time="17.835" errors="0" timestamp="2022-08-29T12:12:55 WAT" skipped="0">
  <testcase classname="testCases.LoginTest" name="loginTest" time="17.835"/>
  <system-out/>
</testsuite> <!-- testCases.LoginTest -->
